Flow report for cnc_3axis_fpga
Mon Oct 13 08:23:41 2025
Quartus Prime Version 24.1std.0 Build 1077 03/04/2025 SC Lite Edition


---------------------
; Table of Contents ;
---------------------
  1. Legal Notice
  2. Flow Summary
  3. Flow Settings
  4. Flow Non-Default Global Settings
  5. Flow Elapsed Time
  6. Flow OS Summary
  7. Flow Log
  8. Flow Messages
  9. Flow Suppressed Messages



----------------
; Legal Notice ;
----------------
Copyright (C) 2025  Altera Corporation. All rights reserved.
Your use of Altera Corporation's design tools, logic functions 
and other software and tools, and any partner logic 
functions, and any output files from any of the foregoing 
(including device programming or simulation files), and any 
associated documentation or information are expressly subject 
to the terms and conditions of the Altera Program License 
Subscription Agreement, the Altera Quartus Prime License Agreement,
the Altera IP License Agreement, or other applicable license
agreement, including, without limitation, that your use is for
the sole purpose of programming logic devices manufactured by
Altera and sold by Altera or its authorized distributors.  Please
refer to the Altera Software License Subscription Agreements 
on the Quartus Prime software download page.



+--------------------------------------------------------------------------------------+
; Flow Summary                                                                         ;
+------------------------------------+-------------------------------------------------+
; Flow Status                        ; Successful - Mon Oct 13 08:23:41 2025           ;
; Quartus Prime Version              ; 24.1std.0 Build 1077 03/04/2025 SC Lite Edition ;
; Revision Name                      ; cnc_3axis_fpga                                  ;
; Top-level Entity Name              ; cnc_3axis_rom_top                               ;
; Family                             ; Cyclone IV E                                    ;
; Device                             ; EP4CE6E22C8                                     ;
; Timing Models                      ; Final                                           ;
; Total logic elements               ; 1,780 / 6,272 ( 28 % )                          ;
;     Total combinational functions  ; 1,598 / 6,272 ( 25 % )                          ;
;     Dedicated logic registers      ; 870 / 6,272 ( 14 % )                            ;
; Total registers                    ; 870                                             ;
; Total pins                         ; 40 / 92 ( 43 % )                                ;
; Total virtual pins                 ; 0                                               ;
; Total memory bits                  ; 2,240 / 276,480 ( < 1 % )                       ;
; Embedded Multiplier 9-bit elements ; 0 / 30 ( 0 % )                                  ;
; Total PLLs                         ; 0 / 2 ( 0 % )                                   ;
+------------------------------------+-------------------------------------------------+


+-----------------------------------------+
; Flow Settings                           ;
+-------------------+---------------------+
; Option            ; Setting             ;
+-------------------+---------------------+
; Start date & time ; 10/13/2025 08:23:21 ;
; Main task         ; Compilation         ;
; Revision Name     ; cnc_3axis_fpga      ;
+-------------------+---------------------+


+-------------------------------------------------------------------------------------------------------------------------------------------------------+
; Flow Non-Default Global Settings                                                                                                                      ;
+-------------------------------------+----------------------------------------+----------------+-------------------+-----------------------------------+
; Assignment Name                     ; Value                                  ; Default Value  ; Entity Name       ; Section Id                        ;
+-------------------------------------+----------------------------------------+----------------+-------------------+-----------------------------------+
; COMPILER_SIGNATURE_ID               ; 256134818098139.176033660018102        ; --             ; --                ; --                                ;
; EDA_GENERATE_FUNCTIONAL_NETLIST     ; Off                                    ; --             ; --                ; eda_board_design_timing           ;
; EDA_GENERATE_FUNCTIONAL_NETLIST     ; Off                                    ; --             ; --                ; eda_board_design_boundary_scan    ;
; EDA_GENERATE_FUNCTIONAL_NETLIST     ; Off                                    ; --             ; --                ; eda_board_design_signal_integrity ;
; EDA_GENERATE_FUNCTIONAL_NETLIST     ; Off                                    ; --             ; --                ; eda_board_design_symbol           ;
; EDA_OUTPUT_DATA_FORMAT              ; Vhdl                                   ; --             ; --                ; eda_simulation                    ;
; EDA_RUN_TOOL_AUTOMATICALLY          ; Off                                    ; --             ; --                ; eda_simulation                    ;
; EDA_SIMULATION_TOOL                 ; Questa Intel FPGA (VHDL)               ; <None>         ; --                ; --                                ;
; EDA_TIME_SCALE                      ; 1 ps                                   ; --             ; --                ; eda_simulation                    ;
; MAX_CORE_JUNCTION_TEMP              ; 85                                     ; --             ; --                ; --                                ;
; MIN_CORE_JUNCTION_TEMP              ; 0                                      ; --             ; --                ; --                                ;
; PARTITION_COLOR                     ; -- (Not supported for targeted family) ; --             ; cnc_3axis_rom_top ; Top                               ;
; PARTITION_FITTER_PRESERVATION_LEVEL ; -- (Not supported for targeted family) ; --             ; cnc_3axis_rom_top ; Top                               ;
; PARTITION_NETLIST_TYPE              ; -- (Not supported for targeted family) ; --             ; cnc_3axis_rom_top ; Top                               ;
; POWER_BOARD_THERMAL_MODEL           ; None (CONSERVATIVE)                    ; --             ; --                ; --                                ;
; POWER_PRESET_COOLING_SOLUTION       ; 23 MM HEAT SINK WITH 200 LFPM AIRFLOW  ; --             ; --                ; --                                ;
; TOP_LEVEL_ENTITY                    ; cnc_3axis_rom_top                      ; cnc_3axis_fpga ; --                ; --                                ;
+-------------------------------------+----------------------------------------+----------------+-------------------+-----------------------------------+


+--------------------------------------------------------------------------------------------------------------------------+
; Flow Elapsed Time                                                                                                        ;
+----------------------+--------------+-------------------------+---------------------+------------------------------------+
; Module Name          ; Elapsed Time ; Average Processors Used ; Peak Virtual Memory ; Total CPU Time (on all processors) ;
+----------------------+--------------+-------------------------+---------------------+------------------------------------+
; Analysis & Synthesis ; 00:00:08     ; 1.0                     ; 494 MB              ; 00:00:19                           ;
; Fitter               ; 00:00:06     ; 1.2                     ; 1439 MB             ; 00:00:09                           ;
; Assembler            ; 00:00:01     ; 1.0                     ; 347 MB              ; 00:00:01                           ;
; Timing Analyzer      ; 00:00:02     ; 1.4                     ; 528 MB              ; 00:00:02                           ;
; EDA Netlist Writer   ; 00:00:00     ; 1.0                     ; 584 MB              ; 00:00:00                           ;
; Total                ; 00:00:17     ; --                      ; --                  ; 00:00:31                           ;
+----------------------+--------------+-------------------------+---------------------+------------------------------------+


+---------------------------------------------------------------------------------+
; Flow OS Summary                                                                 ;
+----------------------+------------------+---------+------------+----------------+
; Module Name          ; Machine Hostname ; OS Name ; OS Version ; Processor type ;
+----------------------+------------------+---------+------------+----------------+
; Analysis & Synthesis ; bigass-ubuntu    ; Ubuntu  ; 22         ; x86_64         ;
; Fitter               ; bigass-ubuntu    ; Ubuntu  ; 22         ; x86_64         ;
; Assembler            ; bigass-ubuntu    ; Ubuntu  ; 22         ; x86_64         ;
; Timing Analyzer      ; bigass-ubuntu    ; Ubuntu  ; 22         ; x86_64         ;
; EDA Netlist Writer   ; bigass-ubuntu    ; Ubuntu  ; 22         ; x86_64         ;
+----------------------+------------------+---------+------------+----------------+


------------
; Flow Log ;
------------
quartus_map --read_settings_files=on --write_settings_files=off cnc_3axis_fpga -c cnc_3axis_fpga
quartus_fit --read_settings_files=off --write_settings_files=off cnc_3axis_fpga -c cnc_3axis_fpga
quartus_asm --read_settings_files=off --write_settings_files=off cnc_3axis_fpga -c cnc_3axis_fpga
quartus_sta cnc_3axis_fpga -c cnc_3axis_fpga
quartus_eda --read_settings_files=off --write_settings_files=off cnc_3axis_fpga -c cnc_3axis_fpga



